<?xml version="1.0" encoding="UTF-8"?>
<testng-results skipped="0" failed="0" total="1" passed="1">
  <reporter-output>
  </reporter-output>
  <suite name="test.java.NewTest" duration-ms="8190" started-at="2015-02-19T01:08:09Z" finished-at="2015-02-19T01:08:17Z">
    <groups>
    </groups>
    <test name="Command line test" duration-ms="8190" started-at="2015-02-19T01:08:09Z" finished-at="2015-02-19T01:08:17Z">
      <class name="test.java.NewTest">
        <test-method status="PASS" signature="beforeMethod()[pri:0, instance:test.java.NewTest@1fee20c]" name="beforeMethod" is-config="true" duration-ms="6191" started-at="2015-02-18T17:08:09Z" finished-at="2015-02-18T17:08:15Z">
          <reporter-output>
          </reporter-output>
        </test-method> <!-- beforeMethod -->
        <test-method status="PASS" signature="Test()[pri:0, instance:test.java.NewTest@1fee20c]" name="Test" duration-ms="1990" started-at="2015-02-18T17:08:15Z" finished-at="2015-02-18T17:08:17Z">
          <reporter-output>
          </reporter-output>
        </test-method> <!-- Test -->
        <test-method status="PASS" signature="afterMethod()[pri:0, instance:test.java.NewTest@1fee20c]" name="afterMethod" is-config="true" duration-ms="0" started-at="2015-02-18T17:08:17Z" finished-at="2015-02-18T17:08:17Z">
          <reporter-output>
          </reporter-output>
        </test-method> <!-- afterMethod -->
      </class> <!-- test.java.NewTest -->
    </test> <!-- Command line test -->
  </suite> <!-- test.java.NewTest -->
</testng-results>
